<?xml version="1.0" encoding="UTF-8"?>
<robot generator="Robot 5.0.1 (Python 3.10.12 on linux)" generated="20230818 15:19:44.332" rpa="false" schemaversion="3">
<suite id="s1" name="Robot" source="/home/runner/work/team-2-cltbitgames-c2fd656a/team-2-cltbitgames-c2fd656a/tests/robot">
<suite id="s1-s1" name="Create Character" source="/home/runner/work/team-2-cltbitgames-c2fd656a/team-2-cltbitgames-c2fd656a/tests/robot/create_character.robot">
<test id="s1-s1-t1" name="Provided name" line="7">
<kw name="Create character">
<arg>Erin</arg>
<arg>Erin</arg>
<kw name="Provide Character Name" library="CreateCharacterLibrary">
<arg>${characterNameInput}</arg>
<status status="PASS" starttime="20230818 15:19:44.365" endtime="20230818 15:19:44.365"/>
</kw>
<kw name="Create The Character" library="CreateCharacterLibrary">
<status status="PASS" starttime="20230818 15:19:44.366" endtime="20230818 15:19:44.366"/>
</kw>
<kw name="Character Name Is" library="CreateCharacterLibrary">
<arg>${characterNameOutput}</arg>
<status status="PASS" starttime="20230818 15:19:44.366" endtime="20230818 15:19:44.366"/>
</kw>
<status status="PASS" starttime="20230818 15:19:44.365" endtime="20230818 15:19:44.366"/>
</kw>
<status status="PASS" starttime="20230818 15:19:44.364" endtime="20230818 15:19:44.367"/>
</test>
<test id="s1-s1-t2" name="Default name" line="8">
<kw name="Create character">
<arg>${EMPTY}</arg>
<arg>Character</arg>
<kw name="Provide Character Name" library="CreateCharacterLibrary">
<arg>${characterNameInput}</arg>
<status status="PASS" starttime="20230818 15:19:44.368" endtime="20230818 15:19:44.369"/>
</kw>
<kw name="Create The Character" library="CreateCharacterLibrary">
<status status="PASS" starttime="20230818 15:19:44.369" endtime="20230818 15:19:44.369"/>
</kw>
<kw name="Character Name Is" library="CreateCharacterLibrary">
<arg>${characterNameOutput}</arg>
<status status="PASS" starttime="20230818 15:19:44.369" endtime="20230818 15:19:44.369"/>
</kw>
<status status="PASS" starttime="20230818 15:19:44.367" endtime="20230818 15:19:44.369"/>
</kw>
<status status="PASS" starttime="20230818 15:19:44.367" endtime="20230818 15:19:44.369"/>
</test>
<doc>I want to create a new custom character, setting only their name.</doc>
<status status="PASS" starttime="20230818 15:19:44.358" endtime="20230818 15:19:44.370"/>
</suite>
<suite id="s1-s2" name="Move" source="/home/runner/work/team-2-cltbitgames-c2fd656a/team-2-cltbitgames-c2fd656a/tests/robot/move.robot">
<test id="s1-s2-t1" name="Move in the middle of the board" line="7">
<kw name="Move character">
<arg>0</arg>
<arg>0</arg>
<arg>1</arg>
<arg>NORTH</arg>
<arg>0</arg>
<arg>1</arg>
<arg>2</arg>
<kw name="Initialize Character Xposition With" library="MoveLibrary">
<arg>${startingX}</arg>
<status status="PASS" starttime="20230818 15:19:44.377" endtime="20230818 15:19:44.377"/>
</kw>
<kw name="Initialize Character Yposition With" library="MoveLibrary">
<arg>${startingY}</arg>
<status status="PASS" starttime="20230818 15:19:44.377" endtime="20230818 15:19:44.378"/>
</kw>
<kw name="Initialize Character Movecount With" library="MoveLibrary">
<arg>${startingMoveCount}</arg>
<status status="PASS" starttime="20230818 15:19:44.378" endtime="20230818 15:19:44.378"/>
</kw>
<kw name="Move In Direction" library="MoveLibrary">
<arg>${direction}</arg>
<msg timestamp="20230818 15:19:44.379" level="FAIL">KeyError: 'NORTH'</msg>
<status status="FAIL" starttime="20230818 15:19:44.378" endtime="20230818 15:19:44.390"/>
</kw>
<kw name="Character Xposition Should Be" library="MoveLibrary">
<arg>${endingX}</arg>
<status status="NOT RUN" starttime="20230818 15:19:44.391" endtime="20230818 15:19:44.391"/>
</kw>
<kw name="Character Yposition Should Be" library="MoveLibrary">
<arg>${endingY}</arg>
<status status="NOT RUN" starttime="20230818 15:19:44.391" endtime="20230818 15:19:44.391"/>
</kw>
<kw name="Character Movecount Should Be" library="MoveLibrary">
<arg>${endingMoveCount}</arg>
<status status="NOT RUN" starttime="20230818 15:19:44.391" endtime="20230818 15:19:44.391"/>
</kw>
<status status="FAIL" starttime="20230818 15:19:44.375" endtime="20230818 15:19:44.392"/>
</kw>
<status status="FAIL" starttime="20230818 15:19:44.375" endtime="20230818 15:19:44.392">KeyError: 'NORTH'</status>
</test>
<test id="s1-s2-t2" name="Move on the edge of the board" line="8">
<kw name="Move character">
<arg>0</arg>
<arg>0</arg>
<arg>5</arg>
<arg>SOUTH</arg>
<arg>0</arg>
<arg>0</arg>
<arg>6</arg>
<kw name="Initialize Character Xposition With" library="MoveLibrary">
<arg>${startingX}</arg>
<status status="PASS" starttime="20230818 15:19:44.394" endtime="20230818 15:19:44.394"/>
</kw>
<kw name="Initialize Character Yposition With" library="MoveLibrary">
<arg>${startingY}</arg>
<status status="PASS" starttime="20230818 15:19:44.394" endtime="20230818 15:19:44.394"/>
</kw>
<kw name="Initialize Character Movecount With" library="MoveLibrary">
<arg>${startingMoveCount}</arg>
<status status="PASS" starttime="20230818 15:19:44.394" endtime="20230818 15:19:44.394"/>
</kw>
<kw name="Move In Direction" library="MoveLibrary">
<arg>${direction}</arg>
<msg timestamp="20230818 15:19:44.395" level="FAIL">KeyError: 'SOUTH'</msg>
<status status="FAIL" starttime="20230818 15:19:44.395" endtime="20230818 15:19:44.395"/>
</kw>
<kw name="Character Xposition Should Be" library="MoveLibrary">
<arg>${endingX}</arg>
<status status="NOT RUN" starttime="20230818 15:19:44.395" endtime="20230818 15:19:44.395"/>
</kw>
<kw name="Character Yposition Should Be" library="MoveLibrary">
<arg>${endingY}</arg>
<status status="NOT RUN" starttime="20230818 15:19:44.396" endtime="20230818 15:19:44.396"/>
</kw>
<kw name="Character Movecount Should Be" library="MoveLibrary">
<arg>${endingMoveCount}</arg>
<status status="NOT RUN" starttime="20230818 15:19:44.396" endtime="20230818 15:19:44.396"/>
</kw>
<status status="FAIL" starttime="20230818 15:19:44.393" endtime="20230818 15:19:44.396"/>
</kw>
<status status="FAIL" starttime="20230818 15:19:44.392" endtime="20230818 15:19:44.398">KeyError: 'SOUTH'</status>
</test>
<doc>I want to move my character. If they attempt to move past a boundary, the move results in no change in position.</doc>
<status status="FAIL" starttime="20230818 15:19:44.371" endtime="20230818 15:19:44.398"/>
</suite>
<suite id="s1-s3" name="Start Game" source="/home/runner/work/team-2-cltbitgames-c2fd656a/team-2-cltbitgames-c2fd656a/tests/robot/start_game.robot">
<test id="s1-s3-t1" name="Blank character name" line="7">
<kw name="Start new game">
<arg>100</arg>
<arg>0</arg>
<arg>0</arg>
<arg>0</arg>
<kw name="Initialize Controller" library="StartGameLibrary">
<status status="PASS" starttime="20230818 15:19:44.405" endtime="20230818 15:19:44.405"/>
</kw>
<kw name="Number Of Map Positions Should Be" library="StartGameLibrary">
<arg>${numPositions}</arg>
<msg timestamp="20230818 15:19:44.405" level="FAIL">Expected: 100, Actual: -10</msg>
<status status="FAIL" starttime="20230818 15:19:44.405" endtime="20230818 15:19:44.406"/>
</kw>
<kw name="Starting X Coordinate Should Be" library="StartGameLibrary">
<arg>${startingPositionX}</arg>
<status status="NOT RUN" starttime="20230818 15:19:44.406" endtime="20230818 15:19:44.406"/>
</kw>
<kw name="Starting Y Coordinate Should Be" library="StartGameLibrary">
<arg>${startingPositionY}</arg>
<status status="NOT RUN" starttime="20230818 15:19:44.406" endtime="20230818 15:19:44.406"/>
</kw>
<kw name="Starting Move Count Should Be" library="StartGameLibrary">
<arg>${startingMoveCount}</arg>
<status status="NOT RUN" starttime="20230818 15:19:44.406" endtime="20230818 15:19:44.406"/>
</kw>
<status status="FAIL" starttime="20230818 15:19:44.404" endtime="20230818 15:19:44.407"/>
</kw>
<status status="FAIL" starttime="20230818 15:19:44.404" endtime="20230818 15:19:44.407">Expected: 100, Actual: -10</status>
</test>
<doc>Test start of game. Let's play 

 https://raw.githubusercontent.com/level-up-program/python-robot-reference/main/tests/robot/images/gamerErin.png</doc>
<status status="FAIL" starttime="20230818 15:19:44.399" endtime="20230818 15:19:44.408"/>
</suite>
<status status="FAIL" starttime="20230818 15:19:44.333" endtime="20230818 15:19:44.409"/>
</suite>
<statistics>
<total>
<stat pass="2" fail="3" skip="0">All Tests</stat>
</total>
<tag>
</tag>
<suite>
<stat pass="2" fail="3" skip="0" id="s1" name="Robot">Robot</stat>
<stat pass="2" fail="0" skip="0" id="s1-s1" name="Create Character">Robot.Create Character</stat>
<stat pass="0" fail="2" skip="0" id="s1-s2" name="Move">Robot.Move</stat>
<stat pass="0" fail="1" skip="0" id="s1-s3" name="Start Game">Robot.Start Game</stat>
</suite>
</statistics>
<errors>
</errors>
</robot>
