<?xml version="1.0" encoding="UTF-8"?>
<robot generator="Robot 5.0.1 (Python 3.10.12 on linux)" generated="20230818 14:13:55.394" rpa="false" schemaversion="3">
<suite id="s1" name="Robot" source="/home/runner/work/team-2-cltbitgames-c2fd656a/team-2-cltbitgames-c2fd656a/tests/robot">
<suite id="s1-s1" name="Create Character" source="/home/runner/work/team-2-cltbitgames-c2fd656a/team-2-cltbitgames-c2fd656a/tests/robot/create_character.robot">
<test id="s1-s1-t1" name="Provided name" line="7">
<kw name="Create character">
<arg>Erin</arg>
<arg>Erin</arg>
<kw name="Provide Character Name" library="CreateCharacterLibrary">
<arg>${characterNameInput}</arg>
<status status="PASS" starttime="20230818 14:13:55.431" endtime="20230818 14:13:55.432"/>
</kw>
<kw name="Create The Character" library="CreateCharacterLibrary">
<status status="PASS" starttime="20230818 14:13:55.432" endtime="20230818 14:13:55.432"/>
</kw>
<kw name="Character Name Is" library="CreateCharacterLibrary">
<arg>${characterNameOutput}</arg>
<status status="PASS" starttime="20230818 14:13:55.432" endtime="20230818 14:13:55.433"/>
</kw>
<status status="PASS" starttime="20230818 14:13:55.431" endtime="20230818 14:13:55.433"/>
</kw>
<status status="PASS" starttime="20230818 14:13:55.430" endtime="20230818 14:13:55.433"/>
</test>
<test id="s1-s1-t2" name="Default name" line="8">
<kw name="Create character">
<arg>${EMPTY}</arg>
<arg>Character</arg>
<kw name="Provide Character Name" library="CreateCharacterLibrary">
<arg>${characterNameInput}</arg>
<status status="PASS" starttime="20230818 14:13:55.435" endtime="20230818 14:13:55.435"/>
</kw>
<kw name="Create The Character" library="CreateCharacterLibrary">
<status status="PASS" starttime="20230818 14:13:55.435" endtime="20230818 14:13:55.435"/>
</kw>
<kw name="Character Name Is" library="CreateCharacterLibrary">
<arg>${characterNameOutput}</arg>
<status status="PASS" starttime="20230818 14:13:55.436" endtime="20230818 14:13:55.436"/>
</kw>
<status status="PASS" starttime="20230818 14:13:55.434" endtime="20230818 14:13:55.436"/>
</kw>
<status status="PASS" starttime="20230818 14:13:55.434" endtime="20230818 14:13:55.436"/>
</test>
<doc>I want to create a new custom character, setting only their name.</doc>
<status status="PASS" starttime="20230818 14:13:55.423" endtime="20230818 14:13:55.437"/>
</suite>
<suite id="s1-s2" name="Move" source="/home/runner/work/team-2-cltbitgames-c2fd656a/team-2-cltbitgames-c2fd656a/tests/robot/move.robot">
<test id="s1-s2-t1" name="Move in the middle of the board" line="7">
<kw name="Move character">
<arg>0</arg>
<arg>0</arg>
<arg>1</arg>
<arg>NORTH</arg>
<arg>0</arg>
<arg>1</arg>
<arg>2</arg>
<kw name="Initialize Character Xposition With" library="MoveLibrary">
<arg>${startingX}</arg>
<status status="PASS" starttime="20230818 14:13:55.444" endtime="20230818 14:13:55.444"/>
</kw>
<kw name="Initialize Character Yposition With" library="MoveLibrary">
<arg>${startingY}</arg>
<status status="PASS" starttime="20230818 14:13:55.444" endtime="20230818 14:13:55.445"/>
</kw>
<kw name="Initialize Character Movecount With" library="MoveLibrary">
<arg>${startingMoveCount}</arg>
<status status="PASS" starttime="20230818 14:13:55.445" endtime="20230818 14:13:55.445"/>
</kw>
<kw name="Move In Direction" library="MoveLibrary">
<arg>${direction}</arg>
<msg timestamp="20230818 14:13:55.446" level="FAIL">KeyError: 'NORTH'</msg>
<status status="FAIL" starttime="20230818 14:13:55.445" endtime="20230818 14:13:55.453"/>
</kw>
<kw name="Character Xposition Should Be" library="MoveLibrary">
<arg>${endingX}</arg>
<status status="NOT RUN" starttime="20230818 14:13:55.453" endtime="20230818 14:13:55.453"/>
</kw>
<kw name="Character Yposition Should Be" library="MoveLibrary">
<arg>${endingY}</arg>
<status status="NOT RUN" starttime="20230818 14:13:55.454" endtime="20230818 14:13:55.454"/>
</kw>
<kw name="Character Movecount Should Be" library="MoveLibrary">
<arg>${endingMoveCount}</arg>
<status status="NOT RUN" starttime="20230818 14:13:55.454" endtime="20230818 14:13:55.454"/>
</kw>
<status status="FAIL" starttime="20230818 14:13:55.443" endtime="20230818 14:13:55.454"/>
</kw>
<status status="FAIL" starttime="20230818 14:13:55.443" endtime="20230818 14:13:55.455">KeyError: 'NORTH'</status>
</test>
<test id="s1-s2-t2" name="Move on the edge of the board" line="8">
<kw name="Move character">
<arg>0</arg>
<arg>0</arg>
<arg>5</arg>
<arg>SOUTH</arg>
<arg>0</arg>
<arg>0</arg>
<arg>6</arg>
<kw name="Initialize Character Xposition With" library="MoveLibrary">
<arg>${startingX}</arg>
<status status="PASS" starttime="20230818 14:13:55.457" endtime="20230818 14:13:55.457"/>
</kw>
<kw name="Initialize Character Yposition With" library="MoveLibrary">
<arg>${startingY}</arg>
<status status="PASS" starttime="20230818 14:13:55.457" endtime="20230818 14:13:55.458"/>
</kw>
<kw name="Initialize Character Movecount With" library="MoveLibrary">
<arg>${startingMoveCount}</arg>
<status status="PASS" starttime="20230818 14:13:55.458" endtime="20230818 14:13:55.458"/>
</kw>
<kw name="Move In Direction" library="MoveLibrary">
<arg>${direction}</arg>
<msg timestamp="20230818 14:13:55.459" level="FAIL">KeyError: 'SOUTH'</msg>
<status status="FAIL" starttime="20230818 14:13:55.458" endtime="20230818 14:13:55.459"/>
</kw>
<kw name="Character Xposition Should Be" library="MoveLibrary">
<arg>${endingX}</arg>
<status status="NOT RUN" starttime="20230818 14:13:55.459" endtime="20230818 14:13:55.459"/>
</kw>
<kw name="Character Yposition Should Be" library="MoveLibrary">
<arg>${endingY}</arg>
<status status="NOT RUN" starttime="20230818 14:13:55.459" endtime="20230818 14:13:55.459"/>
</kw>
<kw name="Character Movecount Should Be" library="MoveLibrary">
<arg>${endingMoveCount}</arg>
<status status="NOT RUN" starttime="20230818 14:13:55.460" endtime="20230818 14:13:55.460"/>
</kw>
<status status="FAIL" starttime="20230818 14:13:55.456" endtime="20230818 14:13:55.460"/>
</kw>
<status status="FAIL" starttime="20230818 14:13:55.456" endtime="20230818 14:13:55.460">KeyError: 'SOUTH'</status>
</test>
<doc>I want to move my character. If they attempt to move past a boundary, the move results in no change in position.</doc>
<status status="FAIL" starttime="20230818 14:13:55.438" endtime="20230818 14:13:55.461"/>
</suite>
<suite id="s1-s3" name="Start Game" source="/home/runner/work/team-2-cltbitgames-c2fd656a/team-2-cltbitgames-c2fd656a/tests/robot/start_game.robot">
<test id="s1-s3-t1" name="Blank character name" line="7">
<kw name="Start new game">
<arg>100</arg>
<arg>0</arg>
<arg>0</arg>
<arg>0</arg>
<kw name="Initialize Controller" library="StartGameLibrary">
<status status="PASS" starttime="20230818 14:13:55.468" endtime="20230818 14:13:55.468"/>
</kw>
<kw name="Number Of Map Positions Should Be" library="StartGameLibrary">
<arg>${numPositions}</arg>
<msg timestamp="20230818 14:13:55.469" level="FAIL">Expected: 100, Actual: -10</msg>
<status status="FAIL" starttime="20230818 14:13:55.468" endtime="20230818 14:13:55.469"/>
</kw>
<kw name="Starting X Coordinate Should Be" library="StartGameLibrary">
<arg>${startingPositionX}</arg>
<status status="NOT RUN" starttime="20230818 14:13:55.470" endtime="20230818 14:13:55.470"/>
</kw>
<kw name="Starting Y Coordinate Should Be" library="StartGameLibrary">
<arg>${startingPositionY}</arg>
<status status="NOT RUN" starttime="20230818 14:13:55.470" endtime="20230818 14:13:55.470"/>
</kw>
<kw name="Starting Move Count Should Be" library="StartGameLibrary">
<arg>${startingMoveCount}</arg>
<status status="NOT RUN" starttime="20230818 14:13:55.470" endtime="20230818 14:13:55.470"/>
</kw>
<status status="FAIL" starttime="20230818 14:13:55.468" endtime="20230818 14:13:55.470"/>
</kw>
<status status="FAIL" starttime="20230818 14:13:55.467" endtime="20230818 14:13:55.471">Expected: 100, Actual: -10</status>
</test>
<doc>Test start of game. Let's play 

 https://raw.githubusercontent.com/level-up-program/python-robot-reference/main/tests/robot/images/gamerErin.png</doc>
<status status="FAIL" starttime="20230818 14:13:55.462" endtime="20230818 14:13:55.471"/>
</suite>
<status status="FAIL" starttime="20230818 14:13:55.395" endtime="20230818 14:13:55.473"/>
</suite>
<statistics>
<total>
<stat pass="2" fail="3" skip="0">All Tests</stat>
</total>
<tag>
</tag>
<suite>
<stat pass="2" fail="3" skip="0" id="s1" name="Robot">Robot</stat>
<stat pass="2" fail="0" skip="0" id="s1-s1" name="Create Character">Robot.Create Character</stat>
<stat pass="0" fail="2" skip="0" id="s1-s2" name="Move">Robot.Move</stat>
<stat pass="0" fail="1" skip="0" id="s1-s3" name="Start Game">Robot.Start Game</stat>
</suite>
</statistics>
<errors>
</errors>
</robot>
